assignments/fundamentals/1st/LayoutAssignment/build/outputs/logs/manifest-merger-debug-report.txt
-- Merging decision tree log ---
manifest
ADDED from src/main/AndroidManifest.xml:1:1-29:12
INJECTED from src/main/AndroidManifest.xml:1:1-29:12
INJECTED from src/main/AndroidManifest.xml:1:1-29:12
INJECTED from src/main/AndroidManifest.xml:1:1-29:12
MERGED from [com.android.support:appcompat-v7:23.4.0] AndroidManifest.xml:17:1-27:12
MERGED from [com.android.support:animated-vector-drawable:23.4.0] AndroidManifest.xml:2:1-9:12
MERGED from [com.android.support:support-vector-drawable:23.4.0] AndroidManifest.xml:2:1-9:12
MERGED from [com.android.support:support-v4:23.4.0] AndroidManifest.xml:17:1-24:12
INJECTED from src/main/AndroidManifest.xml:1:1-29:12
INJECTED from src/main/AndroidManifest.xml:1:1-29:12
INJECTED from src/main/AndroidManifest.xml:1:1-29:12
	package
		ADDED from src/main/AndroidManifest.xml:2:5-40
		INJECTED from src/main/AndroidManifest.xml
		INJECTED from src/main/AndroidManifest.xml
	android:versionName
		INJECTED from src/main/AndroidManifest.xml
		ADDED from src/main/AndroidManifest.xml:1:1-29:12
		INJECTED from src/main/AndroidManifest.xml
	android:versionCode
		INJECTED from src/main/AndroidManifest.xml
		ADDED from src/main/AndroidManifest.xml:1:1-29:12
		INJECTED from src/main/AndroidManifest.xml
	xmlns:android
		ADDED from src/main/AndroidManifest.xml:1:11-69
application
ADDED from src/main/AndroidManifest.xml:4:5-28:19
MERGED from [com.android.support:appcompat-v7:23.4.0] AndroidManifest.xml:25:5-20
MERGED from [com.android.support:appcompat-v7:23.4.0] AndroidManifest.xml:25:5-20
MERGED from [com.android.support:animated-vector-drawable:23.4.0] AndroidManifest.xml:7:5-20
MERGED from [com.android.support:animated-vector-drawable:23.4.0] AndroidManifest.xml:7:5-20
MERGED from [com.android.support:support-vector-drawable:23.4.0] AndroidManifest.xml:7:5-20
MERGED from [com.android.support:support-vector-drawable:23.4.0] AndroidManifest.xml:7:5-20
MERGED from [com.android.support:support-v4:23.4.0] AndroidManifest.xml:22:5-20
MERGED from [com.android.support:support-v4:23.4.0] AndroidManifest.xml:22:5-20
	android:supportsRtl
		ADDED from src/main/AndroidManifest.xml:8:9-35
	android:label
		ADDED from src/main/AndroidManifest.xml:7:9-41
	android:icon
		ADDED from src/main/AndroidManifest.xml:6:9-43
	android:allowBackup
		ADDED from src/main/AndroidManifest.xml:5:9-35
	android:theme
		ADDED from src/main/AndroidManifest.xml:9:9-40
activity#jp.mixi.assignment.layout.MainActivity
ADDED from src/main/AndroidManifest.xml:10:9-15:20
	android:name
		ADDED from src/main/AndroidManifest.xml:10:19-47
intent-filter#action:name:android.intent.action.MAIN+category:name:android.intent.category.LAUNCHER
ADDED from src/main/AndroidManifest.xml:11:13-14:29
action#android.intent.action.MAIN
ADDED from src/main/AndroidManifest.xml:12:17-69
	android:name
		ADDED from src/main/AndroidManifest.xml:12:25-66
category#android.intent.category.LAUNCHER
ADDED from src/main/AndroidManifest.xml:13:17-77
	android:name
		ADDED from src/main/AndroidManifest.xml:13:27-74
activity#jp.mixi.assignment.layout.Assignment1Activity
ADDED from src/main/AndroidManifest.xml:16:9-18:56
	android:label
		ADDED from src/main/AndroidManifest.xml:18:13-53
	android:name
		ADDED from src/main/AndroidManifest.xml:17:13-48
activity#jp.mixi.assignment.layout.Assignment2Activity
ADDED from src/main/AndroidManifest.xml:19:9-21:56
	android:label
		ADDED from src/main/AndroidManifest.xml:21:13-53
	android:name
		ADDED from src/main/AndroidManifest.xml:20:13-48
activity#jp.mixi.assignment.layout.Assignment3Activity
ADDED from src/main/AndroidManifest.xml:22:9-24:56
	android:label
		ADDED from src/main/AndroidManifest.xml:24:13-53
	android:name
		ADDED from src/main/AndroidManifest.xml:23:13-48
activity#jp.mixi.assignment.layout.Assignment4Activity
ADDED from src/main/AndroidManifest.xml:25:9-27:56
	android:label
		ADDED from src/main/AndroidManifest.xml:27:13-53
	android:name
		ADDED from src/main/AndroidManifest.xml:26:13-48
uses-sdk
INJECTED from src/main/AndroidManifest.xml reason: use-sdk injection requested
INJECTED from src/main/AndroidManifest.xml
INJECTED from src/main/AndroidManifest.xml
MERGED from [com.android.support:appcompat-v7:23.4.0] AndroidManifest.xml:21:5-23:78
MERGED from [com.android.support:appcompat-v7:23.4.0] AndroidManifest.xml:21:5-23:78
MERGED from [com.android.support:animated-vector-drawable:23.4.0] AndroidManifest.xml:5:5-44
MERGED from [com.android.support:animated-vector-drawable:23.4.0] AndroidManifest.xml:5:5-44
MERGED from [com.android.support:support-vector-drawable:23.4.0] AndroidManifest.xml:5:5-43
MERGED from [com.android.support:support-vector-drawable:23.4.0] AndroidManifest.xml:5:5-43
MERGED from [com.android.support:support-v4:23.4.0] AndroidManifest.xml:20:5-43
MERGED from [com.android.support:support-v4:23.4.0] AndroidManifest.xml:20:5-43
INJECTED from src/main/AndroidManifest.xml
INJECTED from src/main/AndroidManifest.xml
	tools:overrideLibrary
		ADDED from [com.android.support:appcompat-v7:23.4.0] AndroidManifest.xml:23:9-75
	android:targetSdkVersion
		INJECTED from src/main/AndroidManifest.xml
		ADDED from src/main/AndroidManifest.xml
		INJECTED from src/main/AndroidManifest.xml
	android:minSdkVersion
		INJECTED from src/main/AndroidManifest.xml
		ADDED from src/main/AndroidManifest.xml
		INJECTED from src/main/AndroidManifest.xml